<?xml version="1.0" encoding="UTF-8"?>
<testsuite name="pathfinder.junitTests.CampusMapTest" tests="3" skipped="0" failures="0" errors="0" timestamp="2022-11-19T04:37:39" hostname="DEX" time="0.014">
  <properties/>
  <testcase name="testNullDest" classname="pathfinder.junitTests.CampusMapTest" time="0.01"/>
  <testcase name="testNullGraph" classname="pathfinder.junitTests.CampusMapTest" time="0.003"/>
  <testcase name="testNullStart" classname="pathfinder.junitTests.CampusMapTest" time="0.001"/>
  <system-out><![CDATA[]]></system-out>
  <system-err><![CDATA[]]></system-err>
</testsuite>
