<?xml version="1.0" encoding="UTF-8"?>
<testsuite name="pathfinder.scriptTestRunner.ScriptFileTests" tests="5" skipped="0" failures="0" errors="0" timestamp="2022-11-19T04:37:39" hostname="DEX" time="0.113">
  <properties/>
  <testcase name="checkOutput[edgeEdgeCaseTest]" classname="pathfinder.scriptTestRunner.ScriptFileTests" time="0.074"/>
  <testcase name="checkOutput[exampleDijkstraTest]" classname="pathfinder.scriptTestRunner.ScriptFileTests" time="0.015"/>
  <testcase name="checkOutput[listChildrenTest]" classname="pathfinder.scriptTestRunner.ScriptFileTests" time="0.015"/>
  <testcase name="checkOutput[noNodePathTest]" classname="pathfinder.scriptTestRunner.ScriptFileTests" time="0.005"/>
  <testcase name="checkOutput[noPathTest]" classname="pathfinder.scriptTestRunner.ScriptFileTests" time="0.004"/>
  <system-out><![CDATA[]]></system-out>
  <system-err><![CDATA[]]></system-err>
</testsuite>
