<?xml version="1.0" encoding="UTF-8"?>
<testsuite name="setup.FibonacciTest" tests="4" skipped="0" failures="0" errors="0" timestamp="2022-10-13T18:14:37" hostname="DEX" time="0.013">
  <properties/>
  <testcase name="testThrowsIllegalArgumentException" classname="setup.FibonacciTest" time="0.0"/>
  <testcase name="testBaseCase" classname="setup.FibonacciTest" time="0.001"/>
  <testcase name="expectedIllegalArgumentException" classname="setup.FibonacciTest" time="0.007"/>
  <testcase name="testInductiveCase" classname="setup.FibonacciTest" time="0.005"/>
  <system-out><![CDATA[]]></system-out>
  <system-err><![CDATA[]]></system-err>
</testsuite>
