<?xml version="1.0" encoding="UTF-8"?>
<testsuite name="bases.NaturalTest" tests="10" skipped="0" failures="0" errors="0" timestamp="2022-10-21T05:25:34" hostname="DEX" time="0.325">
  <properties/>
  <testcase name="testTimesOneDigit" classname="bases.NaturalTest" time="0.021"/>
  <testcase name="testLeftShift" classname="bases.NaturalTest" time="0.0"/>
  <testcase name="testTimes" classname="bases.NaturalTest" time="0.024"/>
  <testcase name="testPlus" classname="bases.NaturalTest" time="0.011"/>
  <testcase name="testLeadingDigit" classname="bases.NaturalTest" time="0.0"/>
  <testcase name="testToString" classname="bases.NaturalTest" time="0.001"/>
  <testcase name="testConstruction" classname="bases.NaturalTest" time="0.0"/>
  <testcase name="testPlusTopTwoLoops" classname="bases.NaturalTest" time="0.011"/>
  <testcase name="testGetDigits" classname="bases.NaturalTest" time="0.0"/>
  <testcase name="testToBase" classname="bases.NaturalTest" time="0.252"/>
  <system-out><![CDATA[]]></system-out>
  <system-err><![CDATA[]]></system-err>
</testsuite>
