<?xml version="1.0" encoding="UTF-8"?>
<testsuite name="tasks.TaskTest" tests="5" skipped="0" failures="0" errors="0" timestamp="2022-11-14T10:12:37" hostname="DEX" time="0.026">
  <properties/>
  <testcase name="testCreationCorrect" classname="tasks.TaskTest" time="0.003"/>
  <testcase name="testCreationNullDescription" classname="tasks.TaskTest" time="0.001"/>
  <testcase name="testToString" classname="tasks.TaskTest" time="0.022"/>
  <testcase name="testCreationNullName" classname="tasks.TaskTest" time="0.0"/>
  <testcase name="testCreationNullTeam" classname="tasks.TaskTest" time="0.0"/>
  <system-out><![CDATA[]]></system-out>
  <system-err><![CDATA[]]></system-err>
</testsuite>
