<?xml version="1.0" encoding="UTF-8"?>
<testsuite name="graph.junitTests.GraphTest" tests="6" skipped="0" failures="0" errors="0" timestamp="2022-11-19T04:26:08" hostname="DEX" time="0.011">
  <properties/>
  <testcase name="testAddSameEdge" classname="graph.junitTests.GraphTest" time="0.007"/>
  <testcase name="testAddSameNode" classname="graph.junitTests.GraphTest" time="0.001"/>
  <testcase name="testAddEdgeTwice" classname="graph.junitTests.GraphTest" time="0.001"/>
  <testcase name="testListChildrenNoNode" classname="graph.junitTests.GraphTest" time="0.0"/>
  <testcase name="testEdgeToNoChild" classname="graph.junitTests.GraphTest" time="0.0"/>
  <testcase name="testEdgeToNoParent" classname="graph.junitTests.GraphTest" time="0.0"/>
  <system-out><![CDATA[]]></system-out>
  <system-err><![CDATA[]]></system-err>
</testsuite>
